Success 
Success 
Success 
ren upload_ie4gimbymyzdiy3chezdambqgiyde_68x68.jpg PIC2001.jpg 
ren 170426_5hg2aehchig1ikcd5d6a448jcf274_200x240.jpg PIC2002.jpg 
ren 170511_84bljkhklc9b5kgg53gk6cb9keba8_240x240.jpg PIC2003.jpg 
ren upload_ie4dszlfgq2damldg4zdambqgiyde_68x68.jpg PIC2004.jpg 
ren 131760533_0a2bickjg92i72de4lfgd1kifdjd2_68x68.jpg PIC2005.jpg 
ren 170511_55a59ifgfdie4d5hkhla9j8e2l27a_240x240.jpg PIC2006.jpg 
ren upload_ieytanjygbsdgndegmzdambqmeyde_68x68.jpg PIC2007.jpg 
ren upload_ifrdoodggvrggm3egqzdambqmeyde_198x239.jpg PIC2008.jpg 
ren upload_ie2dozbxguztindegmzdambqgiyde_68x68.jpg PIC2009.jpg 
ren upload_ie2wknrwgrtgiylegmzdambqhayde_68x68.jpg PIC2010.jpg 
ren upload_ie2dmmzzg4zdgmlegmzdambqgiyde_68x68.jpg PIC2011.jpg 
ren 170420_1301d937g0cab63kh821gj96hfe78_200x240.jpg PIC2012.jpg 
ren 170518_2lf465b1491i8hk5ijh6g8fl40kjh_68x68.jpg PIC2013.jpg 
ren 170518_40d1lahcdb85ibh1eeg0398ikf5h5_68x68.jpg PIC2014.jpg 
ren 1dv_1i3cf0edcdjl39b8c6486l5a016c7_200x240.jpg PIC2015.jpg 
ren 170518_6be017e37d063cilejbj0608412cf_68x68.jpg PIC2016.jpg 
ren 170509_32bjc1967cj38b5fl6713b5a3c1ia_68x68.jpg PIC2017.jpg 
ren upload_7ckk3754ei96eh67j1hjd00cc3g6j_68x68.jpg PIC2018.jpg 
ren upload_4254le053abeb2ha8fgcfgfjee1af_68x68.jpg PIC2019.jpg 
ren 170518_7kehb0hgie71cl226b3gckj532793_68x68.jpg PIC2020.jpg 
ren upload_3aea71h00j0f3c2fealf3ihk1dk92_200x240.jpg PIC2021.jpg 
ren upload_5b934jl9fi6kj979e7kk5gdg1f9jc_120x120.jpg PIC2022.jpg 
ren upload_77bhc5ekbkg4878b18b62bfbk3c1h_120x120.jpg PIC2023.jpg 
ren 170522_14afadfhiha48182fi40j24f538ck_200x240.jpg PIC2024.jpg 
ren 170510_79j3l5e3a0bj46aj33k1fh8il7kk4_68x68.jpg PIC2025.jpg 
ren 170510_2787hfcffl4hh6gg8g3eldii2e2ch_68x68.jpg PIC2026.jpg 
ren 170510_2ejf8lgcc766b95f1la9e00id9dai_68x68.jpg PIC2027.jpg 
ren 170510_1l57f4gk78fgea8h5ah813ldjgl4g_68x68.jpg PIC2028.jpg 
ren upload_5ifdfa51e0l03a2gf0i554df91jlf_180x220.jpg PIC2029.jpg 
ren 170522_7ic2bk30jgf5ba135j02359da0jk9_120x120.jpg PIC2030.jpg 
ren 170522_11j719gg0d39jg7gee986cegdffl1_120x120.jpg PIC2031.jpg 
ren 170522_3399b77gllgb77l2k83ac73b131c1_120x120.jpg PIC2032.jpg 
ren ge_8eadi1122l7599fegd9l89l6h1ec3_200x240.jpg PIC2033.jpg 
ren 170522_8af67iaija97359c908lj7b1008i7_120x120.jpg PIC2034.jpg 
ren 9q_ifrwknlbgy2tizbygyzdambqhayde_68x68.jpg PIC2035.jpg 
ren 9q_ifrdcnzwmm3tqzlfguzdambqmeyde_68x68.jpg PIC2036.jpg 
ren 170401_851g40d2i0999j2c51083hjcca83i_200x240.jpg PIC2037.jpg 
ren 9q_ifrgmm3dgm4dqzlfguzdambqmeyde_68x68.jpg PIC2038.jpg 
ren upload_35afjicj4d86dgi6gh7jdddj405ff_120x120.jpg PIC2039.jpg 
ren 9q_ie4doyztmi4dqzlfguzdambqgiyde_68x68.jpg PIC2040.jpg 
ren 170420_5ff245d54ii456a38lj46i1g715di_68x68.jpg PIC2041.jpg 
ren upload_0gf06d3c0e47102i9d3g7i633l829_120x120.jpg PIC2042.jpg 
ren upload_1bekil0cbli58107i864he36gdf04_120x120.jpg PIC2043.jpg 
ren upload_618h1ell0k1jl66fj156ff1a5b7b7_120x120.jpg PIC2044.jpg 
ren 170420_0k28cg5l4h95834ll16gj4kjdljhi_68x68.jpg PIC2045.jpg 
ren 170420_8fl3e7891iifjl77dl6b158lbk70k_68x68.jpg PIC2046.jpg 
ren 170522_08edh2dgjklb58i35lhc7kk99dhik_200x240.jpg PIC2047.jpg 
ren 170317_4f355l4h0j6i66i7idahhe367i58h_200x240.jpg PIC2048.jpg 
ren 170420_26a5g1928ale13h2i7baegf9geec0_68x68.jpg PIC2049.jpg 
ren 170406_2083k3i0150aa51cb706add0cb6ac_200x240.jpg PIC2050.jpg 
ren 170414_59k0gb89707eg30jkbf81lhgd15f9_180x180.jpg PIC2051.jpg 
ren 170414_4gg7641hd2907hckd80275cfhlfgd_180x180.jpg PIC2052.jpg 
ren 170414_76lkj4jljb31cehc23e358f0ckjac_180x180.jpg PIC2053.jpg 
ren upload_iezdoytgmjsgmmdegmzdambqmmyde_200x240.jpg PIC2054.jpg 
ren 170414_7l3ekh9h02aig6j1e23dhci3ck4ih_180x180.jpg PIC2055.jpg 
ren upload_ieztcmddha4dimlegmzdambqgyyde_68x68.jpg PIC2056.jpg 
ren upload_iezgczrqmiytsmdegmzdambqmmyde_68x68.jpg PIC2057.jpg 
ren upload_ieztcy3gheytsmdegmzdambqgyyde_68x68.jpg PIC2058.jpg 
ren upload_ie2genjzmiytsmdegmzdambqgiyde_68x68.jpg PIC2059.jpg 
Success 
ren 001.jpg PIC2001.jpg 
ren 002.jpg PIC2002.jpg 
ren 003.jpg PIC2003.jpg 
ren 004.jpg PIC2004.jpg 
ren 005.jpg PIC2005.jpg 
ren 006.jpg PIC2006.jpg 
ren 007.jpg PIC2007.jpg 
ren 008.jpg PIC2008.jpg 
ren 009.jpg PIC2009.jpg 
ren 010.jpg PIC2010.jpg 
ren 011.jpg PIC2011.jpg 
ren 012.jpg PIC2012.jpg 
ren 013.jpg PIC2013.jpg 
ren 014.jpg PIC2014.jpg 
ren 015.jpg PIC2015.jpg 
ren 016.jpg PIC2016.jpg 
ren 017.jpg PIC2017.jpg 
ren 018.jpg PIC2018.jpg 
ren 019.jpg PIC2019.jpg 
ren 020.jpg PIC2020.jpg 
ren 021.jpg PIC2021.jpg 
ren 022.jpg PIC2022.jpg 
ren 023.jpg PIC2023.jpg 
ren 024.jpg PIC2024.jpg 
ren 025.jpg PIC2025.jpg 
ren 026.jpg PIC2026.jpg 
ren 027.jpg PIC2027.jpg 
ren 028.jpg PIC2028.jpg 
ren 029.jpg PIC2029.jpg 
ren 030.jpg PIC2030.jpg 
ren 031.jpg PIC2031.jpg 
ren 032.jpg PIC2032.jpg 
ren 033.jpg PIC2033.jpg 
ren 034.jpg PIC2034.jpg 
ren 035.jpg PIC2035.jpg 
ren 036.jpg PIC2036.jpg 
ren 037.jpg PIC2037.jpg 
ren 038.jpg PIC2038.jpg 
ren 039.jpg PIC2039.jpg 
ren 040.jpg PIC2040.jpg 
ren 041.jpg PIC2041.jpg 
ren 042.jpg PIC2042.jpg 
ren 043.jpg PIC2043.jpg 
ren 044.jpg PIC2044.jpg 
ren 045.jpg PIC2045.jpg 
ren 046.jpg PIC2046.jpg 
ren 047.jpg PIC2047.jpg 
ren 048.jpg PIC2048.jpg 
ren 049.jpg PIC2049.jpg 
ren 050.jpg PIC2050.jpg 
ren 051.jpg PIC2051.jpg 
ren 052.jpg PIC2052.jpg 
ren 053.jpg PIC2053.jpg 
ren 054.jpg PIC2054.jpg 
ren 055.jpg PIC2055.jpg 
ren 056.jpg PIC2056.jpg 
ren 057.jpg PIC2057.jpg 
ren 058.jpg PIC2058.jpg 
ren 059.jpg PIC2059.jpg 
Success 
ren 001.jpg PIC2001.jpg 
ren 002.jpg PIC2002.jpg 
ren 003.jpg PIC2003.jpg 
ren 004.jpg PIC2004.jpg 
ren 005.jpg PIC2005.jpg 
ren 006.jpg PIC2006.jpg 
ren 007.jpg PIC2007.jpg 
ren 008.jpg PIC2008.jpg 
ren 009.jpg PIC2009.jpg 
ren 010.jpg PIC2010.jpg 
ren 011.jpg PIC2011.jpg 
ren 012.jpg PIC2012.jpg 
ren 013.jpg PIC2013.jpg 
ren 014.jpg PIC2014.jpg 
ren 015.jpg PIC2015.jpg 
ren 016.jpg PIC2016.jpg 
ren 017.jpg PIC2017.jpg 
ren 018.jpg PIC2018.jpg 
ren 019.jpg PIC2019.jpg 
ren 020.jpg PIC2020.jpg 
ren 021.jpg PIC2021.jpg 
ren 022.jpg PIC2022.jpg 
ren 023.jpg PIC2023.jpg 
ren 024.jpg PIC2024.jpg 
ren 025.jpg PIC2025.jpg 
ren 026.jpg PIC2026.jpg 
ren 027.jpg PIC2027.jpg 
ren 028.jpg PIC2028.jpg 
ren 029.jpg PIC2029.jpg 
ren 030.jpg PIC2030.jpg 
ren 031.jpg PIC2031.jpg 
ren 032.jpg PIC2032.jpg 
ren 033.jpg PIC2033.jpg 
ren 034.jpg PIC2034.jpg 
ren 035.jpg PIC2035.jpg 
ren 036.jpg PIC2036.jpg 
ren 037.jpg PIC2037.jpg 
ren 038.jpg PIC2038.jpg 
ren 039.jpg PIC2039.jpg 
ren 040.jpg PIC2040.jpg 
ren 041.jpg PIC2041.jpg 
ren 042.jpg PIC2042.jpg 
ren 043.jpg PIC2043.jpg 
ren 044.jpg PIC2044.jpg 
ren 045.jpg PIC2045.jpg 
ren 046.jpg PIC2046.jpg 
ren 047.jpg PIC2047.jpg 
ren 048.jpg PIC2048.jpg 
ren 049.jpg PIC2049.jpg 
ren 050.jpg PIC2050.jpg 
ren 051.jpg PIC2051.jpg 
ren 052.jpg PIC2052.jpg 
ren 053.jpg PIC2053.jpg 
ren 054.jpg PIC2054.jpg 
ren 055.jpg PIC2055.jpg 
ren 056.jpg PIC2056.jpg 
ren 057.jpg PIC2057.jpg 
ren 058.jpg PIC2058.jpg 
ren 059.jpg PIC2059.jpg 
Success 
ren upload_ifqwimbumrswmnrxhazdambqgyyde_68x68.png PIC2001.png 
ren upload_ifqwindbhfrggntdg4zdambqgyyde_200x240.png PIC2002.png 
ren upload_ifrdmzlbmrtdcytfg4zdambqmeyde_200x240.png PIC2003.png 
ren 170511_4k7g37f2h8bfjj8gd7fhdibgi74j2_180x180.png PIC2004.png 
ren 170511_758l1951g1k1lii2cijhlb8clb902_240x240.png PIC2005.png 
ren upload_ifrdiobugaztczjxg4zdambqmeyde_68x68.png PIC2006.png 
ren upload_ifqwkmjzgezwgnrxhazdambqgyyde_68x68.png PIC2007.png 
ren upload_ie4dozrrgnsgmnrxhazdambqgiyde_68x68.png PIC2008.png 
ren upload_ifrtsnjzgvswim3fgyzdambqhayde_68x68.png PIC2009.png 
ren nu_78agb58jeg23ad6aljgei4cc511g6_120x120.png PIC2010.png 
ren nu_4e06ld180bcc6f1aa8251c40gbc2k_120x120.png PIC2011.png 
ren 13k_2id1g3a0h0e36j60kh94dfi2kieli_120x120.png PIC2012.png 
ren 13k_097fh0jjf8f46l9gb9162je6cig2k_120x120.png PIC2013.png 
ren 13k_2lceka2k8310lh02hifi428bfif90_120x120.png PIC2014.png 
ren 13k_0kh63ie0abi27189e1h2hi9gd77d7_120x120.png PIC2015.png 
ren upload_ifrdsnjugizgkn3ghezdambqmeyde_280x280-1.png PIC2016.png 
ren upload_ifrdsnjugizgkn3ghezdambqmeyde_280x280.png PIC2017.png 
ren 131743902_81e3g2jf3j2e3lgb8fji63i9i7bg0_24x28.png PIC2018.png 
Success 
Success 
ren 13k_097fh0jjf8f46l9gb9162je6cig2k_120x120.png PIC2001.png 
ren 13k_2id1g3a0h0e36j60kh94dfi2kieli_120x120.png PIC2002.png 
ren 13k_2lceka2k8310lh02hifi428bfif90_120x120.png PIC2003.png 
ren 13k_0kh63ie0abi27189e1h2hi9gd77d7_120x120.png PIC2004.png 
ren upload_ifrdsnjugizgkn3ghezdambqmeyde_280x280-1.png PIC2005.png 
ren upload_ifrdsnjugizgkn3ghezdambqmeyde_280x280.png PIC2006.png 
ren 131743902_81e3g2jf3j2e3lgb8fji63i9i7bg0_24x28.png PIC2007.png 
ren 001.png PIC2008.png 
ren 002.png PIC2009.png 
ren 003.png PIC2010.png 
ren 004.png PIC2011.png 
ren 005.png PIC2012.png 
ren 006.png PIC2013.png 
ren 007.png PIC2014.png 
ren 008.png PIC2015.png 
ren 009.png PIC2016.png 
ren 010.png PIC2017.png 
ren 011.png PIC2018.png 
ren 012.png PIC2019.png 
ren 013.png PIC2020.png 
ren 014.png PIC2021.png 
ren 015.png PIC2022.png 
ren 016.png PIC2023.png 
ren 017.png PIC2024.png 
ren 018.png PIC2025.png 
Success 
Success 
ren 170317_4f355l4h0j6i66i7idahhe367i58h_200x240.jpg PIC2001.jpg 
ren 170420_5ff245d54ii456a38lj46i1g715di_68x68.jpg PIC2002.jpg 
ren 170406_2083k3i0150aa51cb706add0cb6ac_200x240.jpg PIC2003.jpg 
ren 170420_0k28cg5l4h95834ll16gj4kjdljhi_68x68.jpg PIC2004.jpg 
ren 170420_8fl3e7891iifjl77dl6b158lbk70k_68x68.jpg PIC2005.jpg 
ren 170420_26a5g1928ale13h2i7baegf9geec0_68x68.jpg PIC2006.jpg 
ren upload_iezdoytgmjsgmmdegmzdambqmmyde_200x240.jpg PIC2007.jpg 
ren 170522_08edh2dgjklb58i35lhc7kk99dhik_200x240.jpg PIC2008.jpg 
ren 170414_59k0gb89707eg30jkbf81lhgd15f9_180x180.jpg PIC2009.jpg 
ren upload_ie2genjzmiytsmdegmzdambqgiyde_68x68.jpg PIC2010.jpg 
ren 170414_76lkj4jljb31cehc23e358f0ckjac_180x180.jpg PIC2011.jpg 
ren 170414_4gg7641hd2907hckd80275cfhlfgd_180x180.jpg PIC2012.jpg 
ren 170414_7l3ekh9h02aig6j1e23dhci3ck4ih_180x180.jpg PIC2013.jpg 
ren upload_iezgczrqmiytsmdegmzdambqmmyde_68x68.jpg PIC2014.jpg 
ren upload_ieztcmddha4dimlegmzdambqgyyde_68x68.jpg PIC2015.jpg 
ren upload_ieztcy3gheytsmdegmzdambqgyyde_68x68.jpg PIC2016.jpg 
ren 170522_565h5fj7ilj694h06fbbf4ec165k3_778x440.jpg PIC2017.jpg 
ren 001.jpg PIC2018.jpg 
ren 002.jpg PIC2019.jpg 
ren 003.jpg PIC2020.jpg 
ren 004.jpg PIC2021.jpg 
ren 005.jpg PIC2022.jpg 
ren 006.jpg PIC2023.jpg 
ren 007.jpg PIC2024.jpg 
ren 008.jpg PIC2025.jpg 
ren 009.jpg PIC2026.jpg 
ren 010.jpg PIC2027.jpg 
ren 011.jpg PIC2028.jpg 
ren 012.jpg PIC2029.jpg 
ren 013.jpg PIC2030.jpg 
ren 014.jpg PIC2031.jpg 
ren 015.jpg PIC2032.jpg 
ren 016.jpg PIC2033.jpg 
ren 017.jpg PIC2034.jpg 
ren 018.jpg PIC2035.jpg 
ren 019.jpg PIC2036.jpg 
ren 020.jpg PIC2037.jpg 
ren 021.jpg PIC2038.jpg 
ren 022.jpg PIC2039.jpg 
ren 023.jpg PIC2040.jpg 
ren 024.jpg PIC2041.jpg 
ren 025.jpg PIC2042.jpg 
ren 026.jpg PIC2043.jpg 
ren 027.jpg PIC2044.jpg 
ren 028.jpg PIC2045.jpg 
ren 029.jpg PIC2046.jpg 
ren 030.jpg PIC2047.jpg 
ren 031.jpg PIC2048.jpg 
ren 032.jpg PIC2049.jpg 
ren 033.jpg PIC2050.jpg 
ren 034.jpg PIC2051.jpg 
ren 035.jpg PIC2052.jpg 
ren 036.jpg PIC2053.jpg 
ren 037.jpg PIC2054.jpg 
ren 038.jpg PIC2055.jpg 
ren 039.jpg PIC2056.jpg 
ren 040.jpg PIC2057.jpg 
ren 041.jpg PIC2058.jpg 
ren 042.jpg PIC2059.jpg 
ren 043.jpg PIC2060.jpg 
ren 044.jpg PIC2061.jpg 
ren 045.jpg PIC2062.jpg 
ren 046.jpg PIC2063.jpg 
ren 047.jpg PIC2064.jpg 
ren 048.jpg PIC2065.jpg 
ren 049.jpg PIC2066.jpg 
ren 050.jpg PIC2067.jpg 
ren 051.jpg PIC2068.jpg 
ren 052.jpg PIC2069.jpg 
ren 053.jpg PIC2070.jpg 
ren 054.jpg PIC2071.jpg 
ren 055.jpg PIC2072.jpg 
ren 056.jpg PIC2073.jpg 
ren 057.jpg PIC2074.jpg 
ren 058.jpg PIC2075.jpg 
ren 059.jpg PIC2076.jpg 
Success 
ren 170317_4f355l4h0j6i66i7idahhe367i58h_200x240.jpg PIC2001.jpg 
ren 170420_5ff245d54ii456a38lj46i1g715di_68x68.jpg PIC2002.jpg 
ren 170406_2083k3i0150aa51cb706add0cb6ac_200x240.jpg PIC2003.jpg 
ren 170420_0k28cg5l4h95834ll16gj4kjdljhi_68x68.jpg PIC2004.jpg 
ren 170420_8fl3e7891iifjl77dl6b158lbk70k_68x68.jpg PIC2005.jpg 
ren 170420_26a5g1928ale13h2i7baegf9geec0_68x68.jpg PIC2006.jpg 
ren upload_iezdoytgmjsgmmdegmzdambqmmyde_200x240.jpg PIC2007.jpg 
ren 170522_08edh2dgjklb58i35lhc7kk99dhik_200x240.jpg PIC2008.jpg 
ren 170414_59k0gb89707eg30jkbf81lhgd15f9_180x180.jpg PIC2009.jpg 
ren upload_ie2genjzmiytsmdegmzdambqgiyde_68x68.jpg PIC2010.jpg 
ren 170414_76lkj4jljb31cehc23e358f0ckjac_180x180.jpg PIC2011.jpg 
ren 170414_4gg7641hd2907hckd80275cfhlfgd_180x180.jpg PIC2012.jpg 
ren 170414_7l3ekh9h02aig6j1e23dhci3ck4ih_180x180.jpg PIC2013.jpg 
ren upload_iezgczrqmiytsmdegmzdambqmmyde_68x68.jpg PIC2014.jpg 
ren upload_ieztcmddha4dimlegmzdambqgyyde_68x68.jpg PIC2015.jpg 
ren upload_ieztcy3gheytsmdegmzdambqgyyde_68x68.jpg PIC2016.jpg 
ren 170522_565h5fj7ilj694h06fbbf4ec165k3_778x440.jpg PIC2017.jpg 
ren 001.jpg PIC2018.jpg 
ren 002.jpg PIC2019.jpg 
ren 003.jpg PIC2020.jpg 
ren 004.jpg PIC2021.jpg 
ren 005.jpg PIC2022.jpg 
ren 006.jpg PIC2023.jpg 
ren 007.jpg PIC2024.jpg 
ren 008.jpg PIC2025.jpg 
ren 009.jpg PIC2026.jpg 
ren 010.jpg PIC2027.jpg 
ren 011.jpg PIC2028.jpg 
ren 012.jpg PIC2029.jpg 
ren 013.jpg PIC2030.jpg 
ren 014.jpg PIC2031.jpg 
ren 015.jpg PIC2032.jpg 
ren 016.jpg PIC2033.jpg 
ren 017.jpg PIC2034.jpg 
ren 018.jpg PIC2035.jpg 
ren 019.jpg PIC2036.jpg 
ren 020.jpg PIC2037.jpg 
ren 021.jpg PIC2038.jpg 
ren 022.jpg PIC2039.jpg 
ren 023.jpg PIC2040.jpg 
ren 024.jpg PIC2041.jpg 
ren 025.jpg PIC2042.jpg 
ren 026.jpg PIC2043.jpg 
ren 027.jpg PIC2044.jpg 
ren 028.jpg PIC2045.jpg 
ren 029.jpg PIC2046.jpg 
ren 030.jpg PIC2047.jpg 
ren 031.jpg PIC2048.jpg 
ren 032.jpg PIC2049.jpg 
ren 033.jpg PIC2050.jpg 
ren 034.jpg PIC2051.jpg 
ren 035.jpg PIC2052.jpg 
ren 036.jpg PIC2053.jpg 
ren 037.jpg PIC2054.jpg 
ren 038.jpg PIC2055.jpg 
ren 039.jpg PIC2056.jpg 
ren 040.jpg PIC2057.jpg 
ren 041.jpg PIC2058.jpg 
ren 042.jpg PIC2059.jpg 
ren 060.jpg PIC2060.jpg 
ren 061.jpg PIC2061.jpg 
ren 062.jpg PIC2062.jpg 
ren 063.jpg PIC2063.jpg 
ren 064.jpg PIC2064.jpg 
ren 065.jpg PIC2065.jpg 
ren 066.jpg PIC2066.jpg 
ren 067.jpg PIC2067.jpg 
ren 068.jpg PIC2068.jpg 
ren 069.jpg PIC2069.jpg 
ren 070.jpg PIC2070.jpg 
ren 071.jpg PIC2071.jpg 
ren 072.jpg PIC2072.jpg 
ren 073.jpg PIC2073.jpg 
ren 074.jpg PIC2074.jpg 
ren 075.jpg PIC2075.jpg 
ren 076.jpg PIC2076.jpg 
Success 
ren 170317_4f355l4h0j6i66i7idahhe367i58h_200x240.jpg PIC2001.jpg 
ren 170420_5ff245d54ii456a38lj46i1g715di_68x68.jpg PIC2002.jpg 
ren 170406_2083k3i0150aa51cb706add0cb6ac_200x240.jpg PIC2003.jpg 
ren 170420_0k28cg5l4h95834ll16gj4kjdljhi_68x68.jpg PIC2004.jpg 
ren 170420_8fl3e7891iifjl77dl6b158lbk70k_68x68.jpg PIC2005.jpg 
ren 170420_26a5g1928ale13h2i7baegf9geec0_68x68.jpg PIC2006.jpg 
ren upload_iezdoytgmjsgmmdegmzdambqmmyde_200x240.jpg PIC2007.jpg 
ren 170522_08edh2dgjklb58i35lhc7kk99dhik_200x240.jpg PIC2008.jpg 
ren 170414_59k0gb89707eg30jkbf81lhgd15f9_180x180.jpg PIC2009.jpg 
ren upload_ie2genjzmiytsmdegmzdambqgiyde_68x68.jpg PIC2010.jpg 
ren 170414_76lkj4jljb31cehc23e358f0ckjac_180x180.jpg PIC2011.jpg 
ren 170414_4gg7641hd2907hckd80275cfhlfgd_180x180.jpg PIC2012.jpg 
ren 170414_7l3ekh9h02aig6j1e23dhci3ck4ih_180x180.jpg PIC2013.jpg 
ren upload_iezgczrqmiytsmdegmzdambqmmyde_68x68.jpg PIC2014.jpg 
ren upload_ieztcmddha4dimlegmzdambqgyyde_68x68.jpg PIC2015.jpg 
ren upload_ieztcy3gheytsmdegmzdambqgyyde_68x68.jpg PIC2016.jpg 
ren 170522_565h5fj7ilj694h06fbbf4ec165k3_778x440.jpg PIC2017.jpg 
ren 001.jpg PIC2018.jpg 
ren 002.jpg PIC2019.jpg 
ren 003.jpg PIC2020.jpg 
ren 004.jpg PIC2021.jpg 
ren 005.jpg PIC2022.jpg 
ren 006.jpg PIC2023.jpg 
ren 007.jpg PIC2024.jpg 
ren 008.jpg PIC2025.jpg 
ren 009.jpg PIC2026.jpg 
ren 010.jpg PIC2027.jpg 
ren 011.jpg PIC2028.jpg 
ren 012.jpg PIC2029.jpg 
ren 013.jpg PIC2030.jpg 
ren 014.jpg PIC2031.jpg 
ren 015.jpg PIC2032.jpg 
ren 016.jpg PIC2033.jpg 
ren 017.jpg PIC2034.jpg 
ren 018.jpg PIC2035.jpg 
ren 019.jpg PIC2036.jpg 
ren 020.jpg PIC2037.jpg 
ren 021.jpg PIC2038.jpg 
ren 022.jpg PIC2039.jpg 
ren 023.jpg PIC2040.jpg 
ren 024.jpg PIC2041.jpg 
ren 025.jpg PIC2042.jpg 
ren 043.jpg PIC2043.jpg 
ren 044.jpg PIC2044.jpg 
ren 045.jpg PIC2045.jpg 
ren 046.jpg PIC2046.jpg 
ren 047.jpg PIC2047.jpg 
ren 048.jpg PIC2048.jpg 
ren 049.jpg PIC2049.jpg 
ren 050.jpg PIC2050.jpg 
ren 051.jpg PIC2051.jpg 
ren 052.jpg PIC2052.jpg 
ren 053.jpg PIC2053.jpg 
ren 054.jpg PIC2054.jpg 
ren 055.jpg PIC2055.jpg 
ren 056.jpg PIC2056.jpg 
ren 057.jpg PIC2057.jpg 
ren 058.jpg PIC2058.jpg 
ren 059.jpg PIC2059.jpg 
ren 060.jpg PIC2060.jpg 
ren 061.jpg PIC2061.jpg 
ren 062.jpg PIC2062.jpg 
ren 063.jpg PIC2063.jpg 
ren 064.jpg PIC2064.jpg 
ren 065.jpg PIC2065.jpg 
ren 066.jpg PIC2066.jpg 
ren 067.jpg PIC2067.jpg 
ren 068.jpg PIC2068.jpg 
ren 069.jpg PIC2069.jpg 
ren 070.jpg PIC2070.jpg 
ren 071.jpg PIC2071.jpg 
ren 072.jpg PIC2072.jpg 
ren 073.jpg PIC2073.jpg 
ren 074.jpg PIC2074.jpg 
ren 075.jpg PIC2075.jpg 
ren 076.jpg PIC2076.jpg 
Success 
ren 170317_4f355l4h0j6i66i7idahhe367i58h_200x240.jpg PIC2001.jpg 
ren 170420_5ff245d54ii456a38lj46i1g715di_68x68.jpg PIC2002.jpg 
ren 170406_2083k3i0150aa51cb706add0cb6ac_200x240.jpg PIC2003.jpg 
ren 170420_0k28cg5l4h95834ll16gj4kjdljhi_68x68.jpg PIC2004.jpg 
ren 170420_8fl3e7891iifjl77dl6b158lbk70k_68x68.jpg PIC2005.jpg 
ren 170420_26a5g1928ale13h2i7baegf9geec0_68x68.jpg PIC2006.jpg 
ren upload_iezdoytgmjsgmmdegmzdambqmmyde_200x240.jpg PIC2007.jpg 
ren 170522_08edh2dgjklb58i35lhc7kk99dhik_200x240.jpg PIC2008.jpg 
ren 170414_59k0gb89707eg30jkbf81lhgd15f9_180x180.jpg PIC2009.jpg 
ren upload_ie2genjzmiytsmdegmzdambqgiyde_68x68.jpg PIC2010.jpg 
ren 170414_76lkj4jljb31cehc23e358f0ckjac_180x180.jpg PIC2011.jpg 
ren 170414_4gg7641hd2907hckd80275cfhlfgd_180x180.jpg PIC2012.jpg 
ren 170414_7l3ekh9h02aig6j1e23dhci3ck4ih_180x180.jpg PIC2013.jpg 
ren upload_iezgczrqmiytsmdegmzdambqmmyde_68x68.jpg PIC2014.jpg 
ren upload_ieztcmddha4dimlegmzdambqgyyde_68x68.jpg PIC2015.jpg 
ren upload_ieztcy3gheytsmdegmzdambqgyyde_68x68.jpg PIC2016.jpg 
ren 170522_565h5fj7ilj694h06fbbf4ec165k3_778x440.jpg PIC2017.jpg 
ren 001.jpg PIC2018.jpg 
ren 002.jpg PIC2019.jpg 
ren 003.jpg PIC2020.jpg 
ren 004.jpg PIC2021.jpg 
ren 005.jpg PIC2022.jpg 
ren 006.jpg PIC2023.jpg 
ren 007.jpg PIC2024.jpg 
ren 008.jpg PIC2025.jpg 
ren 026.jpg PIC2026.jpg 
ren 027.jpg PIC2027.jpg 
ren 028.jpg PIC2028.jpg 
ren 029.jpg PIC2029.jpg 
ren 030.jpg PIC2030.jpg 
ren 031.jpg PIC2031.jpg 
ren 032.jpg PIC2032.jpg 
ren 033.jpg PIC2033.jpg 
ren 034.jpg PIC2034.jpg 
ren 035.jpg PIC2035.jpg 
ren 036.jpg PIC2036.jpg 
ren 037.jpg PIC2037.jpg 
ren 038.jpg PIC2038.jpg 
ren 039.jpg PIC2039.jpg 
ren 040.jpg PIC2040.jpg 
ren 041.jpg PIC2041.jpg 
ren 042.jpg PIC2042.jpg 
ren 043.jpg PIC2043.jpg 
ren 044.jpg PIC2044.jpg 
ren 045.jpg PIC2045.jpg 
ren 046.jpg PIC2046.jpg 
ren 047.jpg PIC2047.jpg 
ren 048.jpg PIC2048.jpg 
ren 049.jpg PIC2049.jpg 
ren 050.jpg PIC2050.jpg 
ren 051.jpg PIC2051.jpg 
ren 052.jpg PIC2052.jpg 
ren 053.jpg PIC2053.jpg 
ren 054.jpg PIC2054.jpg 
ren 055.jpg PIC2055.jpg 
ren 056.jpg PIC2056.jpg 
ren 057.jpg PIC2057.jpg 
ren 058.jpg PIC2058.jpg 
ren 059.jpg PIC2059.jpg 
ren 060.jpg PIC2060.jpg 
ren 061.jpg PIC2061.jpg 
ren 062.jpg PIC2062.jpg 
ren 063.jpg PIC2063.jpg 
ren 064.jpg PIC2064.jpg 
ren 065.jpg PIC2065.jpg 
ren 066.jpg PIC2066.jpg 
ren 067.jpg PIC2067.jpg 
ren 068.jpg PIC2068.jpg 
ren 069.jpg PIC2069.jpg 
ren 070.jpg PIC2070.jpg 
ren 071.jpg PIC2071.jpg 
ren 072.jpg PIC2072.jpg 
ren 073.jpg PIC2073.jpg 
ren 074.jpg PIC2074.jpg 
ren 075.jpg PIC2075.jpg 
ren 076.jpg PIC2076.jpg 
Success 
ren 170317_4f355l4h0j6i66i7idahhe367i58h_200x240.jpg PIC2001.jpg 
ren 170420_5ff245d54ii456a38lj46i1g715di_68x68.jpg PIC2002.jpg 
ren 170406_2083k3i0150aa51cb706add0cb6ac_200x240.jpg PIC2003.jpg 
ren 170420_0k28cg5l4h95834ll16gj4kjdljhi_68x68.jpg PIC2004.jpg 
ren 170420_8fl3e7891iifjl77dl6b158lbk70k_68x68.jpg PIC2005.jpg 
ren 170420_26a5g1928ale13h2i7baegf9geec0_68x68.jpg PIC2006.jpg 
ren upload_iezdoytgmjsgmmdegmzdambqmmyde_200x240.jpg PIC2007.jpg 
ren 170522_08edh2dgjklb58i35lhc7kk99dhik_200x240.jpg PIC2008.jpg 
ren 009.jpg PIC2009.jpg 
ren 010.jpg PIC2010.jpg 
ren 011.jpg PIC2011.jpg 
ren 012.jpg PIC2012.jpg 
ren 013.jpg PIC2013.jpg 
ren 014.jpg PIC2014.jpg 
ren 015.jpg PIC2015.jpg 
ren 016.jpg PIC2016.jpg 
ren 017.jpg PIC2017.jpg 
ren 018.jpg PIC2018.jpg 
ren 019.jpg PIC2019.jpg 
ren 020.jpg PIC2020.jpg 
ren 021.jpg PIC2021.jpg 
ren 022.jpg PIC2022.jpg 
ren 023.jpg PIC2023.jpg 
ren 024.jpg PIC2024.jpg 
ren 025.jpg PIC2025.jpg 
ren 026.jpg PIC2026.jpg 
ren 027.jpg PIC2027.jpg 
ren 028.jpg PIC2028.jpg 
ren 029.jpg PIC2029.jpg 
ren 030.jpg PIC2030.jpg 
ren 031.jpg PIC2031.jpg 
ren 032.jpg PIC2032.jpg 
ren 033.jpg PIC2033.jpg 
ren 034.jpg PIC2034.jpg 
ren 035.jpg PIC2035.jpg 
ren 036.jpg PIC2036.jpg 
ren 037.jpg PIC2037.jpg 
ren 038.jpg PIC2038.jpg 
ren 039.jpg PIC2039.jpg 
ren 040.jpg PIC2040.jpg 
ren 041.jpg PIC2041.jpg 
ren 042.jpg PIC2042.jpg 
ren 043.jpg PIC2043.jpg 
ren 044.jpg PIC2044.jpg 
ren 045.jpg PIC2045.jpg 
ren 046.jpg PIC2046.jpg 
ren 047.jpg PIC2047.jpg 
ren 048.jpg PIC2048.jpg 
ren 049.jpg PIC2049.jpg 
ren 050.jpg PIC2050.jpg 
ren 051.jpg PIC2051.jpg 
ren 052.jpg PIC2052.jpg 
ren 053.jpg PIC2053.jpg 
ren 054.jpg PIC2054.jpg 
ren 055.jpg PIC2055.jpg 
ren 056.jpg PIC2056.jpg 
ren 057.jpg PIC2057.jpg 
ren 058.jpg PIC2058.jpg 
ren 059.jpg PIC2059.jpg 
ren 060.jpg PIC2060.jpg 
ren 061.jpg PIC2061.jpg 
ren 062.jpg PIC2062.jpg 
ren 063.jpg PIC2063.jpg 
ren 064.jpg PIC2064.jpg 
ren 065.jpg PIC2065.jpg 
ren 066.jpg PIC2066.jpg 
ren 067.jpg PIC2067.jpg 
ren 068.jpg PIC2068.jpg 
ren 069.jpg PIC2069.jpg 
ren 070.jpg PIC2070.jpg 
ren 071.jpg PIC2071.jpg 
ren 072.jpg PIC2072.jpg 
ren 073.jpg PIC2073.jpg 
ren 074.jpg PIC2074.jpg 
ren 075.jpg PIC2075.jpg 
ren 076.jpg PIC2076.jpg 
Success 
ren 13k_097fh0jjf8f46l9gb9162je6cig2k_120x120.png PIC2001.png 
ren 13k_2id1g3a0h0e36j60kh94dfi2kieli_120x120.png PIC2002.png 
ren 13k_2lceka2k8310lh02hifi428bfif90_120x120.png PIC2003.png 
ren 13k_0kh63ie0abi27189e1h2hi9gd77d7_120x120.png PIC2004.png 
ren upload_ifrdsnjugizgkn3ghezdambqmeyde_280x280-1.png PIC2005.png 
ren upload_ifrdsnjugizgkn3ghezdambqmeyde_280x280.png PIC2006.png 
ren 131743902_81e3g2jf3j2e3lgb8fji63i9i7bg0_24x28.png PIC2007.png 
ren 001.png PIC2008.png 
ren 002.png PIC2009.png 
ren 003.png PIC2010.png 
ren 004.png PIC2011.png 
ren 005.png PIC2012.png 
ren 006.png PIC2013.png 
ren 007.png PIC2014.png 
ren 008.png PIC2015.png 
ren 009.png PIC2016.png 
ren 010.png PIC2017.png 
ren 011.png PIC2018.png 
ren 019.png PIC2019.png 
ren 020.png PIC2020.png 
ren 021.png PIC2021.png 
ren 022.png PIC2022.png 
ren 023.png PIC2023.png 
ren 024.png PIC2024.png 
ren 025.png PIC2025.png 
Success 
ren 13k_097fh0jjf8f46l9gb9162je6cig2k_120x120.png PIC2001.png 
ren 13k_2id1g3a0h0e36j60kh94dfi2kieli_120x120.png PIC2002.png 
ren 13k_2lceka2k8310lh02hifi428bfif90_120x120.png PIC2003.png 
ren 13k_0kh63ie0abi27189e1h2hi9gd77d7_120x120.png PIC2004.png 
ren upload_ifrdsnjugizgkn3ghezdambqmeyde_280x280-1.png PIC2005.png 
ren upload_ifrdsnjugizgkn3ghezdambqmeyde_280x280.png PIC2006.png 
ren 131743902_81e3g2jf3j2e3lgb8fji63i9i7bg0_24x28.png PIC2007.png 
ren 001.png PIC2008.png 
ren 002.png PIC2009.png 
ren 003.png PIC2010.png 
ren 004.png PIC2011.png 
ren 012.png PIC2012.png 
ren 013.png PIC2013.png 
ren 014.png PIC2014.png 
ren 015.png PIC2015.png 
ren 016.png PIC2016.png 
ren 017.png PIC2017.png 
ren 018.png PIC2018.png 
ren 019.png PIC2019.png 
ren 020.png PIC2020.png 
ren 021.png PIC2021.png 
ren 022.png PIC2022.png 
ren 023.png PIC2023.png 
ren 024.png PIC2024.png 
ren 025.png PIC2025.png 
Success 
ren 13k_097fh0jjf8f46l9gb9162je6cig2k_120x120.png PIC2001.png 
ren 13k_2id1g3a0h0e36j60kh94dfi2kieli_120x120.png PIC2002.png 
ren 13k_2lceka2k8310lh02hifi428bfif90_120x120.png PIC2003.png 
ren 13k_0kh63ie0abi27189e1h2hi9gd77d7_120x120.png PIC2004.png 
ren 005.png PIC2005.png 
ren 006.png PIC2006.png 
ren 007.png PIC2007.png 
ren 008.png PIC2008.png 
ren 009.png PIC2009.png 
ren 010.png PIC2010.png 
ren 011.png PIC2011.png 
ren 012.png PIC2012.png 
ren 013.png PIC2013.png 
ren 014.png PIC2014.png 
ren 015.png PIC2015.png 
ren 016.png PIC2016.png 
ren 017.png PIC2017.png 
ren 018.png PIC2018.png 
ren 019.png PIC2019.png 
ren 020.png PIC2020.png 
ren 021.png PIC2021.png 
ren 022.png PIC2022.png 
ren 023.png PIC2023.png 
ren 024.png PIC2024.png 
ren 025.png PIC2025.png 
Success 
ren 001.png PIC2001.png 
ren 002.png PIC2002.png 
ren 003.png PIC2003.png 
ren 004.png PIC2004.png 
ren 005.png PIC2005.png 
ren 006.png PIC2006.png 
ren 007.png PIC2007.png 
ren 008.png PIC2008.png 
ren 009.png PIC2009.png 
ren 010.png PIC2010.png 
ren 011.png PIC2011.png 
ren 012.png PIC2012.png 
ren 013.png PIC2013.png 
ren 014.png PIC2014.png 
ren 015.png PIC2015.png 
ren 016.png PIC2016.png 
ren 017.png PIC2017.png 
ren 018.png PIC2018.png 
ren 019.png PIC2019.png 
ren 020.png PIC2020.png 
ren 021.png PIC2021.png 
ren 022.png PIC2022.png 
ren 023.png PIC2023.png 
ren 024.png PIC2024.png 
ren 025.png PIC2025.png 
Success 
